#! /usr/local/bin/vvp
:ivl_version "12.0 (stable)";
:ivl_delay_selection "TYPICAL";
:vpi_time_precision - 12;
:vpi_module "/usr/local/lib/ivl/system.vpi";
:vpi_module "/usr/local/lib/ivl/vhdl_sys.vpi";
:vpi_module "/usr/local/lib/ivl/vhdl_textio.vpi";
:vpi_module "/usr/local/lib/ivl/v2005_math.vpi";
:vpi_module "/usr/local/lib/ivl/va_math.vpi";
:vpi_module "/usr/local/lib/ivl/v2009.vpi";
S_0x1ba1110 .scope package, "$unit" "$unit" 2 1;
 .timescale 0 0;
S_0x1ba12a0 .scope module, "syncronous_counter_tb" "syncronous_counter_tb" 3 4;
 .timescale -9 -12;
P_0x1ba1430 .param/l "clk_period" 1 3 12, +C4<00000000000000000000000000001010>;
v0x1bb3b40_0 .var "clk", 0 0;
v0x1bb3c00_0 .net "count", 3 0, v0x1bb3820_0;  1 drivers
v0x1bb3cd0_0 .var "rstn", 0 0;
v0x1bb3dd0_0 .var "up_down", 0 0;
S_0x1b7b580 .scope module, "dut" "four_bit_synchronous_counter" 3 10, 4 2 0, S_0x1ba12a0;
 .timescale 0 0;
    .port_info 0 /INPUT 1 "clk";
    .port_info 1 /INPUT 1 "rstn";
    .port_info 2 /INPUT 1 "up_down";
    .port_info 3 /OUTPUT 4 "count";
v0x1ba17a0_0 .net "clk", 0 0, v0x1bb3b40_0;  1 drivers
v0x1bb3820_0 .var "count", 3 0;
v0x1bb3900_0 .net "rstn", 0 0, v0x1bb3cd0_0;  1 drivers
v0x1bb39d0_0 .net "up_down", 0 0, v0x1bb3dd0_0;  1 drivers
E_0x1b7b7d0 .event posedge, v0x1ba17a0_0;
    .scope S_0x1b7b580;
T_0 ;
    %wait E_0x1b7b7d0;
    %load/vec4 v0x1bb3900_0;
    %nor/r;
    %flag_set/vec4 8;
    %jmp/0xz  T_0.0, 8;
    %pushi/vec4 0, 0, 4;
    %assign/vec4 v0x1bb3820_0, 0;
    %jmp T_0.1;
T_0.0 ;
    %load/vec4 v0x1bb39d0_0;
    %pad/u 32;
    %cmpi/e 0, 0, 32;
    %jmp/0xz  T_0.2, 4;
    %load/vec4 v0x1bb3820_0;
    %addi 1, 0, 4;
    %assign/vec4 v0x1bb3820_0, 0;
    %jmp T_0.3;
T_0.2 ;
    %load/vec4 v0x1bb39d0_0;
    %pad/u 32;
    %cmpi/e 1, 0, 32;
    %jmp/0xz  T_0.4, 4;
    %load/vec4 v0x1bb3820_0;
    %subi 1, 0, 4;
    %assign/vec4 v0x1bb3820_0, 0;
T_0.4 ;
T_0.3 ;
T_0.1 ;
    %jmp T_0;
    .thread T_0;
    .scope S_0x1ba12a0;
T_1 ;
    %pushi/vec4 0, 0, 1;
    %store/vec4 v0x1bb3b40_0, 0, 1;
    %pushi/vec4 1, 0, 1;
    %store/vec4 v0x1bb3cd0_0, 0, 1;
    %end;
    .thread T_1, $init;
    .scope S_0x1ba12a0;
T_2 ;
T_2.0 ;
    %delay 5000, 0;
    %load/vec4 v0x1bb3b40_0;
    %inv;
    %assign/vec4 v0x1bb3b40_0, 0;
    %jmp T_2.0;
    %end;
    .thread T_2;
    .scope S_0x1ba12a0;
T_3 ;
    %vpi_call/w 3 18 "$dumpfile", "dump.vcd" {0 0 0};
    %vpi_call/w 3 19 "$dumpvars", 32'sb00000000000000000000000000000000, S_0x1b7b580 {0 0 0};
    %delay 1000, 0;
    %pushi/vec4 0, 0, 1;
    %assign/vec4 v0x1bb3cd0_0, 0;
    %delay 6000, 0;
    %pushi/vec4 1, 0, 1;
    %assign/vec4 v0x1bb3cd0_0, 0;
    %delay 1000, 0;
    %pushi/vec4 0, 0, 1;
    %assign/vec4 v0x1bb3dd0_0, 0;
    %delay 1000000, 0;
    %vpi_call/w 3 23 "$finish" {0 0 0};
    %end;
    .thread T_3;
# The file index is used to find the file name in the following table.
:file_names 5;
    "N/A";
    "<interactive>";
    "-";
    "testbench.sv";
    "design.sv";
